<?xml version="1.0" encoding="UTF-8"?>
<testng-results skipped="0" failed="0" ignored="0" total="1" passed="1">
  <reporter-output>
  </reporter-output>
  <suite name="Logging Basics" duration-ms="989" started-at="2020-09-13T06:46:22Z" finished-at="2020-09-13T06:46:23Z">
    <groups>
    </groups>
    <test name="Bank Manager Login Test" duration-ms="989" started-at="2020-09-13T06:46:22Z" finished-at="2020-09-13T06:46:23Z">
      <class name="com.nec.testcases.BankManagerLoginTest">
        <test-method status="PASS" signature="setUp()[pri:0, instance:com.nec.testcases.BankManagerLoginTest@7791a895]" name="setUp" is-config="true" duration-ms="30466" started-at="2020-09-13T12:15:52Z" finished-at="2020-09-13T12:16:22Z">
          <reporter-output>
          </reporter-output>
        </test-method> <!-- setUp -->
        <test-method status="PASS" signature="loginAsBankManager()[pri:0, instance:com.nec.testcases.BankManagerLoginTest@7791a895]" name="loginAsBankManager" duration-ms="851" started-at="2020-09-13T12:16:23Z" finished-at="2020-09-13T12:16:23Z">
          <reporter-output>
          </reporter-output>
        </test-method> <!-- loginAsBankManager -->
        <test-method status="PASS" signature="tearDown()[pri:0, instance:com.nec.testcases.BankManagerLoginTest@7791a895]" name="tearDown" is-config="true" duration-ms="2346" started-at="2020-09-13T12:16:24Z" finished-at="2020-09-13T12:16:26Z">
          <reporter-output>
          </reporter-output>
        </test-method> <!-- tearDown -->
      </class> <!-- com.nec.testcases.BankManagerLoginTest -->
    </test> <!-- Bank Manager Login Test -->
  </suite> <!-- Logging Basics -->
</testng-results>
